-------------------------------------------------------------------------------
Test set: com.smartcrm.crm.service.AccountServiceImplTest
-------------------------------------------------------------------------------
Tests run: 8, Failures: 2, Errors: 1, Skipped: 0, Time elapsed: 0.030 s <<< FAILURE! -- in com.smartcrm.crm.service.AccountServiceImplTest
com.smartcrm.crm.service.AccountServiceImplTest.deleteAccount_callsRemoveById -- Time elapsed: 0 s <<< ERROR!
java.lang.NullPointerException: Cannot invoke "com.baomidou.mybatisplus.core.metadata.TableInfo.isWithLogicDelete()" because "tableInfo" is null
	at com.baomidou.mybatisplus.extension.service.impl.ServiceImpl.removeById(ServiceImpl.java:302)
	at com.smartcrm.crm.service.AccountServiceImpl.deleteAccount(AccountServiceImpl.java:50)
	at com.smartcrm.crm.service.AccountServiceImplTest.deleteAccount_callsRemoveById(AccountServiceImplTest.java:182)
	at java.base/java.lang.reflect.Method.invoke(Method.java:580)
	at java.base/java.util.ArrayList.forEach(ArrayList.java:1596)
	at java.base/java.util.ArrayList.forEach(ArrayList.java:1596)

com.smartcrm.crm.service.AccountServiceImplTest.getAccountById_whenNotExists_throwsResourceNotFoundException -- Time elapsed: 0.001 s <<< FAILURE!
java.lang.AssertionError: 

Expecting code to raise a throwable.
	at com.smartcrm.crm.service.AccountServiceImplTest.getAccountById_whenNotExists_throwsResourceNotFoundException(AccountServiceImplTest.java:94)
	at java.base/java.lang.reflect.Method.invoke(Method.java:580)
	at java.base/java.util.ArrayList.forEach(ArrayList.java:1596)
	at java.base/java.util.ArrayList.forEach(ArrayList.java:1596)

com.smartcrm.crm.service.AccountServiceImplTest.getAccountByAccountNumber_returnsMatchingAccount -- Time elapsed: 0.002 s <<< FAILURE!
java.lang.AssertionError: 

Expecting actual not to be null
	at com.smartcrm.crm.service.AccountServiceImplTest.getAccountByAccountNumber_returnsMatchingAccount(AccountServiceImplTest.java:114)
	at java.base/java.lang.reflect.Method.invoke(Method.java:580)
	at java.base/java.util.ArrayList.forEach(ArrayList.java:1596)
	at java.base/java.util.ArrayList.forEach(ArrayList.java:1596)

