<?xml version="1.0" encoding="UTF-8"?>
<testsuite xmlns:xsi="http://www.w3.org/2001/XMLSchema-instance" xsi:noNamespaceSchemaLocation="https://maven.apache.org/surefire/maven-surefire-plugin/xsd/surefire-test-report-3.0.xsd" version="3.0" name="com.smartcrm.crm.service.AccountServiceImplTest" time="0.03" tests="16" errors="0" skipped="0" failures="0">
  <properties>
[...]
</properties>
  <testcase name="updateAccount_withValidData_updatesFields" classname="com.smartcrm.crm.service.AccountServiceImplTest" time="0.018">
    <system-out><![CDATA[22:40:58.312 [main] INFO com.smartcrm.crm.service.AccountServiceImpl -- Account 1 updated
]]></system-out>
  </testcase>
  <testcase name="getAllAccounts_returnsAllAccounts" classname="com.smartcrm.crm.service.AccountServiceImplTest" time="0.001"/>
  <testcase name="createAccount_withValidRequest_setsActiveStatus" classname="com.smartcrm.crm.service.AccountServiceImplTest" time="0.0">
    <system-out><![CDATA[22:40:58.314 [main] INFO com.smartcrm.crm.service.AccountServiceImpl -- Creating account: ACC-001 for customer: 1
22:40:58.314 [main] INFO com.smartcrm.crm.service.AccountServiceImpl -- Account created with ID: null
]]></system-out>
  </testcase>
  <testcase name="countByStatus_returnsCorrectCount" classname="com.smartcrm.crm.service.AccountServiceImplTest" time="0.001"/>
  <testcase name="getAccountById_whenExists_returnsAccount" classname="com.smartcrm.crm.service.AccountServiceImplTest" time="0.001"/>
  <testcase name="closeAccount_whenExists_setsStatusToClosed" classname="com.smartcrm.crm.service.AccountServiceImplTest" time="0.0"/>
  <testcase name="getAccountsByCustomerId_returnsMatchingAccounts" classname="com.smartcrm.crm.service.AccountServiceImplTest" time="0.001"/>
  <testcase name="createAccount_withMinimalData_setsDefaults" classname="com.smartcrm.crm.service.AccountServiceImplTest" time="0.0">
    <system-out><![CDATA[22:40:58.317 [main] INFO com.smartcrm.crm.service.AccountServiceImpl -- Creating account: ACC-002 for customer: null
22:40:58.317 [main] INFO com.smartcrm.crm.service.AccountServiceImpl -- Account created with ID: null
]]></system-out>
  </testcase>
  <testcase name="getAccountById_whenNotFound_throwsException" classname="com.smartcrm.crm.service.AccountServiceImplTest" time="0.0"/>
  <testcase name="searchAccountsByName_performsPartialMatch" classname="com.smartcrm.crm.service.AccountServiceImplTest" time="0.001"/>
  <testcase name="deleteAccount_removesAccount" classname="com.smartcrm.crm.service.AccountServiceImplTest" time="0.0"/>
  <testcase name="updateAccount_whenNotFound_throwsException" classname="com.smartcrm.crm.service.AccountServiceImplTest" time="0.0"/>
  <testcase name="getAccountByAccountNumber_returnsMatchingAccount" classname="com.smartcrm.crm.service.AccountServiceImplTest" time="0.001"/>
  <testcase name="getAccountsByStatus_returnsFilteredAccounts" classname="com.smartcrm.crm.service.AccountServiceImplTest" time="0.001"/>
  <testcase name="suspendAccount_whenExists_setsStatusToSuspended" classname="com.smartcrm.crm.service.AccountServiceImplTest" time="0.0"/>
  <testcase name="activateAccount_whenExists_setsStatusToActive" classname="com.smartcrm.crm.service.AccountServiceImplTest" time="0.001"/>
</testsuite>