<?xml version="1.0" encoding="UTF-8"?>
<testsuite xmlns:xsi="http://www.w3.org/2001/XMLSchema-instance" xsi:noNamespaceSchemaLocation="https://maven.apache.org/surefire/maven-surefire-plugin/xsd/surefire-test-report-3.0.xsd" version="3.0" name="com.smartcrm.ai.service.LeadScoringServiceTest" time="0.709" tests="9" errors="0" skipped="0" failures="0">
  <properties>
[...]
</properties>
  <testcase name="extractStringList_handlesEmptyAndMissingFields" classname="com.smartcrm.ai.service.LeadScoringServiceTest" time="0.681">
    <system-out><![CDATA[20:12:37.817 [main] INFO com.smartcrm.ai.service.LeadScoringService -- Scoring lead: lead-test
20:12:37.822 [main] ERROR com.smartcrm.ai.service.LeadScoringService -- Lead scoring error for lead-test: 
Strict stubbing argument mismatch. Please check:
 - this invocation of 'completeJson' method:
    llmClient.completeJson(
    "Analyze this B2B lead and provide a comprehensive scoring assessment.

LEAD INFORMATION:
- Lead ID: lead-test
- Contact Name: Test Person
- Contact Title: Unknown
- Company Name: Test Corp
- Industry: Unknown
- Company Size: Unknown
- Revenue: Unknown
- Source: Unknown
Provide your analysis in JSON format:
{
    "score": <0-100 integer>,
    "reasoning": "<2-3 sentence explanation>",
    "key_factors": ["<factor 1>", "<factor 2>", "<factor 3>"],
    "recommendations": ["<recommendation 1>", "<recommendation 2>"]
}

Focus on: title seniority, company fit, engagement level, and buying signals.
",
    null
);
    -> at com.smartcrm.ai.service.LeadScoringService.scoreLead(LeadScoringService.java:36)
 - has following stubbing(s) with different arguments:
    1. llmClient.completeJson("", "");
      -> at com.smartcrm.ai.service.LeadScoringServiceTest.extractStringList_handlesEmptyAndMissingFields(LeadScoringServiceTest.java:293)
Typically, stubbing argument mismatch indicates user mistake when writing tests.
Mockito fails early so that you can debug potential problem easily.
However, there are legit scenarios when this exception generates false negative signal:
  - stubbing the same method multiple times using 'given().will()' or 'when().then()' API
    Please use 'will().given()' or 'doReturn().when()' API for stubbing.
  - stubbed method is intentionally invoked with different arguments by code under test
    Please use default or 'silent' JUnit Rule (equivalent of Strictness.LENIENT).
For more information see javadoc for PotentialStubbingProblem class.
20:12:37.822 [main] WARN com.smartcrm.ai.service.LeadScoringService -- Using rule-based fallback scoring for lead: lead-test
]]></system-out>
    <system-err><![CDATA[WARNING: A Java agent has been loaded dynamically (/Users/huanghuixiang/.m2/repository/net/bytebuddy/byte-buddy-agent/1.14.13/byte-buddy-agent-1.14.13.jar)
WARNING: If a serviceability tool is in use, please run with -XX:+EnableDynamicAgentLoading to hide this warning
WARNING: If a serviceability tool is not in use, please run with -Djdk.instrument.traceUsage for more information
WARNING: Dynamic loading of agents will be disallowed by default in a future release
]]></system-err>
  </testcase>
  <testcase name="gradeCalculation_returnsCorrectGrades" classname="com.smartcrm.ai.service.LeadScoringServiceTest" time="0.002"/>
  <testcase name="scoreLead_withNullOptionalFields_stillWorks" classname="com.smartcrm.ai.service.LeadScoringServiceTest" time="0.002">
    <system-out><![CDATA[20:12:37.845 [main] INFO com.smartcrm.ai.service.LeadScoringService -- Scoring lead: lead-minimal
20:12:37.845 [main] ERROR com.smartcrm.ai.service.LeadScoringService -- Lead scoring error for lead-minimal: 
Strict stubbing argument mismatch. Please check:
 - this invocation of 'completeJson' method:
    llmClient.completeJson(
    "Analyze this B2B lead and provide a comprehensive scoring assessment.

LEAD INFORMATION:
- Lead ID: lead-minimal
- Contact Name: Min Person
- Contact Title: Unknown
- Company Name: Minimal Corp
- Industry: Unknown
- Company Size: Unknown
- Revenue: Unknown
- Source: Unknown
Provide your analysis in JSON format:
{
    "score": <0-100 integer>,
    "reasoning": "<2-3 sentence explanation>",
    "key_factors": ["<factor 1>", "<factor 2>", "<factor 3>"],
    "recommendations": ["<recommendation 1>", "<recommendation 2>"]
}

Focus on: title seniority, company fit, engagement level, and buying signals.
",
    null
);
    -> at com.smartcrm.ai.service.LeadScoringService.scoreLead(LeadScoringService.java:36)
 - has following stubbing(s) with different arguments:
    1. llmClient.completeJson("", "");
      -> at com.smartcrm.ai.service.LeadScoringServiceTest.scoreLead_withNullOptionalFields_stillWorks(LeadScoringServiceTest.java:324)
Typically, stubbing argument mismatch indicates user mistake when writing tests.
Mockito fails early so that you can debug potential problem easily.
However, there are legit scenarios when this exception generates false negative signal:
  - stubbing the same method multiple times using 'given().will()' or 'when().then()' API
    Please use 'will().given()' or 'doReturn().when()' API for stubbing.
  - stubbed method is intentionally invoked with different arguments by code under test
    Please use default or 'silent' JUnit Rule (equivalent of Strictness.LENIENT).
For more information see javadoc for PotentialStubbingProblem class.
20:12:37.845 [main] WARN com.smartcrm.ai.service.LeadScoringService -- Using rule-based fallback scoring for lead: lead-minimal
]]></system-out>
  </testcase>
  <testcase name="scoreLead_withMissingScore_defaultsTo50" classname="com.smartcrm.ai.service.LeadScoringServiceTest" time="0.001">
    <system-out><![CDATA[20:12:37.848 [main] INFO com.smartcrm.ai.service.LeadScoringService -- Scoring lead: lead-456
20:12:37.848 [main] ERROR com.smartcrm.ai.service.LeadScoringService -- Lead scoring error for lead-456: 
Strict stubbing argument mismatch. Please check:
 - this invocation of 'completeJson' method:
    llmClient.completeJson(
    "Analyze this B2B lead and provide a comprehensive scoring assessment.

LEAD INFORMATION:
- Lead ID: lead-456
- Contact Name: Jane Smith
- Contact Title: Unknown
- Company Name: Small Co
- Industry: Unknown
- Company Size: Unknown
- Revenue: Unknown
- Source: Unknown
Provide your analysis in JSON format:
{
    "score": <0-100 integer>,
    "reasoning": "<2-3 sentence explanation>",
    "key_factors": ["<factor 1>", "<factor 2>", "<factor 3>"],
    "recommendations": ["<recommendation 1>", "<recommendation 2>"]
}

Focus on: title seniority, company fit, engagement level, and buying signals.
",
    null
);
    -> at com.smartcrm.ai.service.LeadScoringService.scoreLead(LeadScoringService.java:36)
 - has following stubbing(s) with different arguments:
    1. llmClient.completeJson("", "");
      -> at com.smartcrm.ai.service.LeadScoringServiceTest.scoreLead_withMissingScore_defaultsTo50(LeadScoringServiceTest.java:93)
Typically, stubbing argument mismatch indicates user mistake when writing tests.
Mockito fails early so that you can debug potential problem easily.
However, there are legit scenarios when this exception generates false negative signal:
  - stubbing the same method multiple times using 'given().will()' or 'when().then()' API
    Please use 'will().given()' or 'doReturn().when()' API for stubbing.
  - stubbed method is intentionally invoked with different arguments by code under test
    Please use default or 'silent' JUnit Rule (equivalent of Strictness.LENIENT).
For more information see javadoc for PotentialStubbingProblem class.
20:12:37.848 [main] WARN com.smartcrm.ai.service.LeadScoringService -- Using rule-based fallback scoring for lead: lead-456
]]></system-out>
  </testcase>
  <testcase name="fallbackScore_seniorTitles_getBonusPoints" classname="com.smartcrm.ai.service.LeadScoringServiceTest" time="0.003">
    <system-out><![CDATA[20:12:37.849 [main] INFO com.smartcrm.ai.service.LeadScoringService -- Scoring lead: lead-cxo
20:12:37.850 [main] ERROR com.smartcrm.ai.service.LeadScoringService -- Lead scoring error for lead-cxo: 
Strict stubbing argument mismatch. Please check:
 - this invocation of 'completeJson' method:
    llmClient.completeJson(
    "Analyze this B2B lead and provide a comprehensive scoring assessment.

LEAD INFORMATION:
- Lead ID: lead-cxo
- Contact Name: CEO Person
- Contact Title: CEO
- Company Name: CXO Corp
- Industry: Unknown
- Company Size: Unknown
- Revenue: Unknown
- Source: Unknown
Provide your analysis in JSON format:
{
    "score": <0-100 integer>,
    "reasoning": "<2-3 sentence explanation>",
    "key_factors": ["<factor 1>", "<factor 2>", "<factor 3>"],
    "recommendations": ["<recommendation 1>", "<recommendation 2>"]
}

Focus on: title seniority, company fit, engagement level, and buying signals.
",
    null
);
    -> at com.smartcrm.ai.service.LeadScoringService.scoreLead(LeadScoringService.java:36)
 - has following stubbing(s) with different arguments:
    1. llmClient.completeJson("", "");
      -> at com.smartcrm.ai.service.LeadScoringServiceTest.fallbackScore_seniorTitles_getBonusPoints(LeadScoringServiceTest.java:228)
Typically, stubbing argument mismatch indicates user mistake when writing tests.
Mockito fails early so that you can debug potential problem easily.
However, there are legit scenarios when this exception generates false negative signal:
  - stubbing the same method multiple times using 'given().will()' or 'when().then()' API
    Please use 'will().given()' or 'doReturn().when()' API for stubbing.
  - stubbed method is intentionally invoked with different arguments by code under test
    Please use default or 'silent' JUnit Rule (equivalent of Strictness.LENIENT).
For more information see javadoc for PotentialStubbingProblem class.
20:12:37.850 [main] WARN com.smartcrm.ai.service.LeadScoringService -- Using rule-based fallback scoring for lead: lead-cxo
20:12:37.850 [main] INFO com.smartcrm.ai.service.LeadScoringService -- Scoring lead: lead-mgr
20:12:37.850 [main] ERROR com.smartcrm.ai.service.LeadScoringService -- Lead scoring error for lead-mgr: 
Strict stubbing argument mismatch. Please check:
 - this invocation of 'completeJson' method:
    llmClient.completeJson(
    "Analyze this B2B lead and provide a comprehensive scoring assessment.

LEAD INFORMATION:
- Lead ID: lead-mgr
- Contact Name: Manager Person
- Contact Title: Salesperson
- Company Name: Manager Corp
- Industry: Unknown
- Company Size: Unknown
- Revenue: Unknown
- Source: Unknown
Provide your analysis in JSON format:
{
    "score": <0-100 integer>,
    "reasoning": "<2-3 sentence explanation>",
    "key_factors": ["<factor 1>", "<factor 2>", "<factor 3>"],
    "recommendations": ["<recommendation 1>", "<recommendation 2>"]
}

Focus on: title seniority, company fit, engagement level, and buying signals.
",
    null
);
    -> at com.smartcrm.ai.service.LeadScoringService.scoreLead(LeadScoringService.java:36)
 - has following stubbing(s) with different arguments:
    1. llmClient.completeJson("", "");
      -> at com.smartcrm.ai.service.LeadScoringServiceTest.fallbackScore_seniorTitles_getBonusPoints(LeadScoringServiceTest.java:228)
Typically, stubbing argument mismatch indicates user mistake when writing tests.
Mockito fails early so that you can debug potential problem easily.
However, there are legit scenarios when this exception generates false negative signal:
  - stubbing the same method multiple times using 'given().will()' or 'when().then()' API
    Please use 'will().given()' or 'doReturn().when()' API for stubbing.
  - stubbed method is intentionally invoked with different arguments by code under test
    Please use default or 'silent' JUnit Rule (equivalent of Strictness.LENIENT).
For more information see javadoc for PotentialStubbingProblem class.
20:12:37.850 [main] WARN com.smartcrm.ai.service.LeadScoringService -- Using rule-based fallback scoring for lead: lead-mgr
]]></system-out>
  </testcase>
  <testcase name="scoreLead_withAllData_providesCompleteResponse" classname="com.smartcrm.ai.service.LeadScoringServiceTest" time="0.004">
    <system-out><![CDATA[20:12:37.855 [main] INFO com.smartcrm.ai.service.LeadScoringService -- Scoring lead: lead-full
20:12:37.855 [main] ERROR com.smartcrm.ai.service.LeadScoringService -- Lead scoring error for lead-full: 
Strict stubbing argument mismatch. Please check:
 - this invocation of 'completeJson' method:
    llmClient.completeJson(
    "Analyze this B2B lead and provide a comprehensive scoring assessment.

LEAD INFORMATION:
- Lead ID: lead-full
- Contact Name: Sarah VP
- Contact Title: VP of Sales
- Company Name: Full Data Corp
- Industry: FinTech
- Company Size: Mid-Market
- Revenue: Unknown
- Source: Website

BEHAVIORAL DATA:
- Emails Opened: 10
- Pages Viewed: 25
- Events Attended: 2
- Webinars Attended: 1
- Downloads: 5

FIRMOGRAPHIC DATA:
- Employee Count: 500
- Annual Revenue: 10000000
- Market Segment: Mid-Market
- Tech Stack: AWS, React, Node.js
Provide your analysis in JSON format:
{
    "score": <0-100 integer>,
    "reasoning": "<2-3 sentence explanation>",
    "key_factors": ["<factor 1>", "<factor 2>", "<factor 3>"],
    "recommendations": ["<recommendation 1>", "<recommendation 2>"]
}

Focus on: title seniority, company fit, engagement level, and buying signals.
",
    null
);
    -> at com.smartcrm.ai.service.LeadScoringService.scoreLead(LeadScoringService.java:36)
 - has following stubbing(s) with different arguments:
    1. llmClient.completeJson("", "");
      -> at com.smartcrm.ai.service.LeadScoringServiceTest.scoreLead_withAllData_providesCompleteResponse(LeadScoringServiceTest.java:169)
Typically, stubbing argument mismatch indicates user mistake when writing tests.
Mockito fails early so that you can debug potential problem easily.
However, there are legit scenarios when this exception generates false negative signal:
  - stubbing the same method multiple times using 'given().will()' or 'when().then()' API
    Please use 'will().given()' or 'doReturn().when()' API for stubbing.
  - stubbed method is intentionally invoked with different arguments by code under test
    Please use default or 'silent' JUnit Rule (equivalent of Strictness.LENIENT).
For more information see javadoc for PotentialStubbingProblem class.
20:12:37.855 [main] WARN com.smartcrm.ai.service.LeadScoringService -- Using rule-based fallback scoring for lead: lead-full
]]></system-out>
  </testcase>
  <testcase name="scoreLead_withValidRequest_returnsResponse" classname="com.smartcrm.ai.service.LeadScoringServiceTest" time="0.001">
    <system-out><![CDATA[20:12:37.856 [main] INFO com.smartcrm.ai.service.LeadScoringService -- Scoring lead: lead-123
20:12:37.857 [main] ERROR com.smartcrm.ai.service.LeadScoringService -- Lead scoring error for lead-123: 
Strict stubbing argument mismatch. Please check:
 - this invocation of 'completeJson' method:
    llmClient.completeJson(
    "Analyze this B2B lead and provide a comprehensive scoring assessment.

LEAD INFORMATION:
- Lead ID: lead-123
- Contact Name: John Doe
- Contact Title: CEO
- Company Name: Acme Corp
- Industry: Technology
- Company Size: Enterprise
- Revenue: Unknown
- Source: Unknown
Provide your analysis in JSON format:
{
    "score": <0-100 integer>,
    "reasoning": "<2-3 sentence explanation>",
    "key_factors": ["<factor 1>", "<factor 2>", "<factor 3>"],
    "recommendations": ["<recommendation 1>", "<recommendation 2>"]
}

Focus on: title seniority, company fit, engagement level, and buying signals.
",
    null
);
    -> at com.smartcrm.ai.service.LeadScoringService.scoreLead(LeadScoringService.java:36)
 - has following stubbing(s) with different arguments:
    1. llmClient.completeJson("", "");
      -> at com.smartcrm.ai.service.LeadScoringServiceTest.scoreLead_withValidRequest_returnsResponse(LeadScoringServiceTest.java:58)
Typically, stubbing argument mismatch indicates user mistake when writing tests.
Mockito fails early so that you can debug potential problem easily.
However, there are legit scenarios when this exception generates false negative signal:
  - stubbing the same method multiple times using 'given().will()' or 'when().then()' API
    Please use 'will().given()' or 'doReturn().when()' API for stubbing.
  - stubbed method is intentionally invoked with different arguments by code under test
    Please use default or 'silent' JUnit Rule (equivalent of Strictness.LENIENT).
For more information see javadoc for PotentialStubbingProblem class.
20:12:37.857 [main] WARN com.smartcrm.ai.service.LeadScoringService -- Using rule-based fallback scoring for lead: lead-123
]]></system-out>
  </testcase>
  <testcase name="scoreLead_whenLLMFails_usesFallbackScore" classname="com.smartcrm.ai.service.LeadScoringServiceTest" time="0.001">
    <system-out><![CDATA[20:12:37.858 [main] INFO com.smartcrm.ai.service.LeadScoringService -- Scoring lead: lead-789
20:12:37.858 [main] ERROR com.smartcrm.ai.service.LeadScoringService -- Lead scoring error for lead-789: 
Strict stubbing argument mismatch. Please check:
 - this invocation of 'completeJson' method:
    llmClient.completeJson(
    "Analyze this B2B lead and provide a comprehensive scoring assessment.

LEAD INFORMATION:
- Lead ID: lead-789
- Contact Name: Mike Manager
- Contact Title: Director of Engineering
- Company Name: Big Corp
- Industry: SaaS
- Company Size: Enterprise (1000+ employees)
- Revenue: Unknown
- Source: Unknown
Provide your analysis in JSON format:
{
    "score": <0-100 integer>,
    "reasoning": "<2-3 sentence explanation>",
    "key_factors": ["<factor 1>", "<factor 2>", "<factor 3>"],
    "recommendations": ["<recommendation 1>", "<recommendation 2>"]
}

Focus on: title seniority, company fit, engagement level, and buying signals.
",
    null
);
    -> at com.smartcrm.ai.service.LeadScoringService.scoreLead(LeadScoringService.java:36)
 - has following stubbing(s) with different arguments:
    1. llmClient.completeJson("", "");
      -> at com.smartcrm.ai.service.LeadScoringServiceTest.scoreLead_whenLLMFails_usesFallbackScore(LeadScoringServiceTest.java:114)
Typically, stubbing argument mismatch indicates user mistake when writing tests.
Mockito fails early so that you can debug potential problem easily.
However, there are legit scenarios when this exception generates false negative signal:
  - stubbing the same method multiple times using 'given().will()' or 'when().then()' API
    Please use 'will().given()' or 'doReturn().when()' API for stubbing.
  - stubbed method is intentionally invoked with different arguments by code under test
    Please use default or 'silent' JUnit Rule (equivalent of Strictness.LENIENT).
For more information see javadoc for PotentialStubbingProblem class.
20:12:37.858 [main] WARN com.smartcrm.ai.service.LeadScoringService -- Using rule-based fallback scoring for lead: lead-789
]]></system-out>
  </testcase>
  <testcase name="fallbackScore_enterpriseCompany_getsBonusPoints" classname="com.smartcrm.ai.service.LeadScoringServiceTest" time="0.001">
    <system-out><![CDATA[20:12:37.859 [main] INFO com.smartcrm.ai.service.LeadScoringService -- Scoring lead: lead-enterprise
20:12:37.859 [main] ERROR com.smartcrm.ai.service.LeadScoringService -- Lead scoring error for lead-enterprise: 
Strict stubbing argument mismatch. Please check:
 - this invocation of 'completeJson' method:
    llmClient.completeJson(
    "Analyze this B2B lead and provide a comprehensive scoring assessment.

LEAD INFORMATION:
- Lead ID: lead-enterprise
- Contact Name: IT Person
- Contact Title: IT Manager
- Company Name: Enterprise Corp
- Industry: Unknown
- Company Size: Enterprise (5000+ employees)
- Revenue: Unknown
- Source: Unknown
Provide your analysis in JSON format:
{
    "score": <0-100 integer>,
    "reasoning": "<2-3 sentence explanation>",
    "key_factors": ["<factor 1>", "<factor 2>", "<factor 3>"],
    "recommendations": ["<recommendation 1>", "<recommendation 2>"]
}

Focus on: title seniority, company fit, engagement level, and buying signals.
",
    null
);
    -> at com.smartcrm.ai.service.LeadScoringService.scoreLead(LeadScoringService.java:36)
 - has following stubbing(s) with different arguments:
    1. llmClient.completeJson("", "");
      -> at com.smartcrm.ai.service.LeadScoringServiceTest.fallbackScore_enterpriseCompany_getsBonusPoints(LeadScoringServiceTest.java:259)
Typically, stubbing argument mismatch indicates user mistake when writing tests.
Mockito fails early so that you can debug potential problem easily.
However, there are legit scenarios when this exception generates false negative signal:
  - stubbing the same method multiple times using 'given().will()' or 'when().then()' API
    Please use 'will().given()' or 'doReturn().when()' API for stubbing.
  - stubbed method is intentionally invoked with different arguments by code under test
    Please use default or 'silent' JUnit Rule (equivalent of Strictness.LENIENT).
For more information see javadoc for PotentialStubbingProblem class.
20:12:37.859 [main] WARN com.smartcrm.ai.service.LeadScoringService -- Using rule-based fallback scoring for lead: lead-enterprise
20:12:37.859 [main] INFO com.smartcrm.ai.service.LeadScoringService -- Scoring lead: lead-small
20:12:37.860 [main] ERROR com.smartcrm.ai.service.LeadScoringService -- Lead scoring error for lead-small: 
Strict stubbing argument mismatch. Please check:
 - this invocation of 'completeJson' method:
    llmClient.completeJson(
    "Analyze this B2B lead and provide a comprehensive scoring assessment.

LEAD INFORMATION:
- Lead ID: lead-small
- Contact Name: IT Person
- Contact Title: IT Manager
- Company Name: Small Corp
- Industry: Unknown
- Company Size: Small (10 employees)
- Revenue: Unknown
- Source: Unknown
Provide your analysis in JSON format:
{
    "score": <0-100 integer>,
    "reasoning": "<2-3 sentence explanation>",
    "key_factors": ["<factor 1>", "<factor 2>", "<factor 3>"],
    "recommendations": ["<recommendation 1>", "<recommendation 2>"]
}

Focus on: title seniority, company fit, engagement level, and buying signals.
",
    null
);
    -> at com.smartcrm.ai.service.LeadScoringService.scoreLead(LeadScoringService.java:36)
 - has following stubbing(s) with different arguments:
    1. llmClient.completeJson("", "");
      -> at com.smartcrm.ai.service.LeadScoringServiceTest.fallbackScore_enterpriseCompany_getsBonusPoints(LeadScoringServiceTest.java:259)
Typically, stubbing argument mismatch indicates user mistake when writing tests.
Mockito fails early so that you can debug potential problem easily.
However, there are legit scenarios when this exception generates false negative signal:
  - stubbing the same method multiple times using 'given().will()' or 'when().then()' API
    Please use 'will().given()' or 'doReturn().when()' API for stubbing.
  - stubbed method is intentionally invoked with different arguments by code under test
    Please use default or 'silent' JUnit Rule (equivalent of Strictness.LENIENT).
For more information see javadoc for PotentialStubbingProblem class.
20:12:37.860 [main] WARN com.smartcrm.ai.service.LeadScoringService -- Using rule-based fallback scoring for lead: lead-small
]]></system-out>
  </testcase>
</testsuite>